[debug] [2025-11-01T14:59:53.911Z] ----------------------------------------------------------------------
[debug] [2025-11-01T14:59:54.480Z] Command:       C:\nvm4w\nodejs\node.exe C:\nvm4w\nodejs\node_modules\firebase-tools\lib\bin\firebase.js init
[debug] [2025-11-01T14:59:54.483Z] CLI Version:   14.23.0
[debug] [2025-11-01T14:59:54.484Z] Platform:      win32
[debug] [2025-11-01T14:59:54.485Z] Node Version:  v20.19.2
[debug] [2025-11-01T14:59:54.491Z] Time:          Sat Nov 01 2025 20:29:54 GMT+0530 (India Standard Time)
[debug] [2025-11-01T14:59:54.493Z] ----------------------------------------------------------------------
[debug] 
[info] 
     ######## #### ########  ######## ########     ###     ######  ########
     ##        ##  ##     ## ##       ##     ##  ##   ##  ##       ##
     ######    ##  ########  ######   ########  #########  ######  ######
     ##        ##  ##    ##  ##       ##     ## ##     ##       ## ##
     ##       #### ##     ## ######## ########  ##     ##  ######  ########

You're about to initialize a Firebase project in this directory:

  C:\Users\shann\Desktop\PROJECTS\PWAI-STEM

[debug] [2025-11-01T15:11:54.777Z] ExitPromptError: User force closed the prompt with SIGINT
    at Interface.sigint (C:\Users\shann\AppData\Local\nvm\v20.19.2\node_modules\firebase-tools\node_modules\@inquirer\core\dist\commonjs\lib\create-prompt.js:101:37)
    at Interface.emit (node:events:524:28)
    at Interface.emit (node:domain:489:12)
    at [_ttyWrite] [as _ttyWrite] (node:internal/readline/interface:1125:18)
    at ReadStream.onkeypress (node:internal/readline/interface:264:20)
    at ReadStream.emit (node:events:536:35)
    at ReadStream.emit (node:domain:489:12)
    at emitKeys (node:internal/readline/utils:371:14)
    at emitKeys.next (<anonymous>)
    at ReadStream.onData (node:internal/readline/emitKeypressEvents:64:36)
[error] 
[error] Error: An unexpected error has occurred.
